[debug] ----------------------------------------------------------------------
[debug] Command:      /usr/bin/nodejs /home/kartik/dev/AngularJS/work/angularhunt/node_modules/firebase-tools/bin/firebase deploy
[debug] CLI Version:  3.6.0
[debug] Platform:     linux
[debug] Node Version: v7.7.2
[debug] Time:         Mon Apr 24 2017 09:02:58 GMT+0530 (IST)
[debug] ----------------------------------------------------------------------
[debug] 
[debug] > command requires scopes: ["email","openid","https://www.googleapis.com/auth/cloudplatformprojects.readonly","https://www.googleapis.com/auth/firebase","https://www.googleapis.com/auth/cloud-platform"]
[debug] >>> HTTP REQUEST GET https://admin.firebase.com/v1/projects/angularhunt-89db2  
 Mon Apr 24 2017 09:02:58 GMT+0530 (IST)
[debug] <<< HTTP RESPONSE 200
[debug] >>> HTTP REQUEST GET https://admin.firebase.com/v1/database/angularhunt-89db2/tokens  
 Mon Apr 24 2017 09:03:00 GMT+0530 (IST)
[debug] <<< HTTP RESPONSE 200
[info] 
[info] === Deploying to 'angularhunt-89db2'...
[info] 
[info] i  deploying database, functions, hosting
[info] ✔  database: rules ready to deploy.
[debug] > [functions] package.json contents: {
  "name": "functions",
  "description": "Cloud Functions for Firebase",
  "dependencies": {
    "firebase-admin": "~4.1.2",
    "firebase-functions": "^0.5"
  },
  "private": true
}
[info] i  functions: ensuring necessary APIs are enabled...
[info] i  runtimeconfig: ensuring necessary APIs are enabled...
[debug] >>> HTTP REQUEST GET https://servicemanagement.googleapis.com/v1/services/cloudfunctions.googleapis.com/projectSettings/angularhunt-89db2?view=CONSUMER_VIEW  
 Mon Apr 24 2017 09:03:04 GMT+0530 (IST)
[debug] >>> HTTP REQUEST GET https://servicemanagement.googleapis.com/v1/services/runtimeconfig.googleapis.com/projectSettings/angularhunt-89db2?view=CONSUMER_VIEW  
 Mon Apr 24 2017 09:03:04 GMT+0530 (IST)
[debug] <<< HTTP RESPONSE 200
[info] ✔  runtimeconfig: all necessary APIs are enabled
[debug] <<< HTTP RESPONSE 200
[info] ✔  functions: all necessary APIs are enabled
[debug] >>> HTTP REQUEST GET https://appengine.googleapis.com/v1/apps/angularhunt-89db2  
 Mon Apr 24 2017 09:03:06 GMT+0530 (IST)
[debug] >>> HTTP REQUEST GET https://apikeys.googleapis.com/v1/projects/angularhunt-89db2/apiKeys  
 Mon Apr 24 2017 09:03:06 GMT+0530 (IST)
